
/home/runner/work/exp-structural-behavioral-patterns-au/exp-structural-behavioral-patterns-au/experiment/simulation/js/605.743f7b18.js
  1:543  warning  'e' is defined but never used  no-unused-vars
  1:545  warning  'a' is defined but never used  no-unused-vars
  1:547  warning  't' is defined but never used  no-unused-vars
  1:549  warning  'n' is defined but never used  no-unused-vars
  1:551  warning  'r' is defined but never used  no-unused-vars
  1:553  warning  'u' is defined but never used  no-unused-vars

/home/runner/work/exp-structural-behavioral-patterns-au/exp-structural-behavioral-patterns-au/experiment/simulation/js/app.2c65eb7e.js
  1:111     warning  't' is defined but never used           no-unused-vars
  1:113     warning  'e' is defined but never used           no-unused-vars
  1:589     warning  't' is defined but never used           no-unused-vars
  1:777     warning  't' is defined but never used           no-unused-vars
  1:953     warning  't' is defined but never used           no-unused-vars
  1:1119    warning  't' is defined but never used           no-unused-vars
  1:1289    warning  't' is defined but never used           no-unused-vars
  1:1462    warning  't' is defined but never used           no-unused-vars
  1:1646    warning  't' is defined but never used           no-unused-vars
  1:1847    warning  't' is defined but never used           no-unused-vars
  1:2090    warning  't' is defined but never used           no-unused-vars
  1:2339    warning  't' is defined but never used           no-unused-vars
  1:2597    warning  't' is defined but never used           no-unused-vars
  1:2804    warning  't' is defined but never used           no-unused-vars
  1:2992    warning  't' is defined but never used           no-unused-vars
  1:3223    warning  't' is defined but never used           no-unused-vars
  1:3972    warning  'e' is defined but never used           no-unused-vars
  1:9146    warning  't' is defined but never used           no-unused-vars
  1:12250   warning  't' is defined but never used           no-unused-vars
  1:12252   warning  'e' is defined but never used           no-unused-vars
  1:13726   warning  't' is defined but never used           no-unused-vars
  1:13728   warning  'e' is defined but never used           no-unused-vars
  1:14543   warning  't' is defined but never used           no-unused-vars
  1:14545   warning  'e' is defined but never used           no-unused-vars
  1:15860   warning  't' is defined but never used           no-unused-vars
  1:15862   warning  'e' is defined but never used           no-unused-vars
  1:17077   warning  'e' is defined but never used           no-unused-vars
  1:21556   warning  't' is defined but never used           no-unused-vars
  1:22084   warning  't' is defined but never used           no-unused-vars
  1:25839   warning  't' is defined but never used           no-unused-vars
  1:25841   warning  'e' is defined but never used           no-unused-vars
  1:27267   warning  't' is defined but never used           no-unused-vars
  1:27269   warning  'e' is defined but never used           no-unused-vars
  1:29038   warning  't' is defined but never used           no-unused-vars
  1:29040   warning  'e' is defined but never used           no-unused-vars
  1:37461   warning  't' is defined but never used           no-unused-vars
  1:38127   warning  't' is defined but never used           no-unused-vars
  1:41146   warning  't' is defined but never used           no-unused-vars
  1:41148   warning  'e' is defined but never used           no-unused-vars
  1:49381   warning  't' is defined but never used           no-unused-vars
  1:49567   warning  't' is defined but never used           no-unused-vars
  1:49754   warning  't' is defined but never used           no-unused-vars
  1:49941   warning  't' is defined but never used           no-unused-vars
  1:50128   warning  't' is defined but never used           no-unused-vars
  1:50315   warning  't' is defined but never used           no-unused-vars
  1:50502   warning  't' is defined but never used           no-unused-vars
  1:50971   warning  't' is defined but never used           no-unused-vars
  1:51436   warning  't' is defined but never used           no-unused-vars
  1:51909   warning  't' is defined but never used           no-unused-vars
  1:52383   warning  't' is defined but never used           no-unused-vars
  1:52853   warning  't' is defined but never used           no-unused-vars
  1:53319   warning  't' is defined but never used           no-unused-vars
  1:53792   warning  't' is defined but never used           no-unused-vars
  1:61481   warning  't' is defined but never used           no-unused-vars
  1:62371   warning  't' is defined but never used           no-unused-vars
  1:62885   warning  't' is defined but never used           no-unused-vars
  1:66550   warning  't' is defined but never used           no-unused-vars
  1:66738   warning  't' is defined but never used           no-unused-vars
  1:66914   warning  't' is defined but never used           no-unused-vars
  1:67080   warning  't' is defined but never used           no-unused-vars
  1:67250   warning  't' is defined but never used           no-unused-vars
  1:67429   warning  't' is defined but never used           no-unused-vars
  1:67640   warning  't' is defined but never used           no-unused-vars
  1:67878   warning  't' is defined but never used           no-unused-vars
  1:68063   warning  't' is defined but never used           no-unused-vars
  1:68236   warning  't' is defined but never used           no-unused-vars
  1:68469   warning  't' is defined but never used           no-unused-vars
  1:69158   warning  'e' is defined but never used           no-unused-vars
  1:69643   warning  't' is defined but never used           no-unused-vars
  1:69645   warning  'e' is defined but never used           no-unused-vars
  1:71598   warning  't' is defined but never used           no-unused-vars
  1:72449   warning  't' is defined but never used           no-unused-vars
  1:75802   warning  'e' is defined but never used           no-unused-vars
  1:78076   warning  't' is defined but never used           no-unused-vars
  1:78542   warning  't' is defined but never used           no-unused-vars
  1:79204   warning  't' is defined but never used           no-unused-vars
  1:92930   warning  't' is defined but never used           no-unused-vars
  1:93648   warning  't' is defined but never used           no-unused-vars
  1:109717  warning  't' is defined but never used           no-unused-vars
  1:110405  warning  't' is defined but never used           no-unused-vars
  1:110612  warning  't' is defined but never used           no-unused-vars
  1:110821  warning  't' is defined but never used           no-unused-vars
  1:117328  warning  'e' is defined but never used           no-unused-vars
  1:120315  warning  'e' is defined but never used           no-unused-vars
  1:126485  warning  't' is defined but never used           no-unused-vars
  1:129757  warning  't' is defined but never used           no-unused-vars
  1:132855  warning  't' is defined but never used           no-unused-vars
  1:136402  warning  't' is defined but never used           no-unused-vars
  1:138024  warning  't' is defined but never used           no-unused-vars
  1:138026  warning  'e' is defined but never used           no-unused-vars
  1:138028  warning  'n' is defined but never used           no-unused-vars
  1:138030  warning  'a' is defined but never used           no-unused-vars
  1:138032  warning  'r' is defined but never used           no-unused-vars
  1:138034  warning  'i' is defined but never used           no-unused-vars
  1:139918  warning  't' is defined but never used           no-unused-vars
  1:139920  warning  'e' is defined but never used           no-unused-vars
  1:139922  warning  'n' is defined but never used           no-unused-vars
  1:139924  warning  'a' is defined but never used           no-unused-vars
  1:139926  warning  'r' is defined but never used           no-unused-vars
  1:139928  warning  'i' is defined but never used           no-unused-vars
  1:142558  warning  't' is defined but never used           no-unused-vars
  1:145792  warning  't' is defined but never used           no-unused-vars
  1:149471  warning  't' is defined but never used           no-unused-vars
  1:152047  warning  't' is defined but never used           no-unused-vars
  1:152049  warning  'e' is defined but never used           no-unused-vars
  1:152051  warning  'n' is defined but never used           no-unused-vars
  1:152053  warning  'a' is defined but never used           no-unused-vars
  1:152055  warning  'r' is defined but never used           no-unused-vars
  1:152057  warning  'i' is defined but never used           no-unused-vars
  1:154652  warning  't' is defined but never used           no-unused-vars
  1:157868  warning  't' is defined but never used           no-unused-vars
  1:157870  warning  'e' is defined but never used           no-unused-vars
  1:157872  warning  'n' is defined but never used           no-unused-vars
  1:157874  warning  'a' is defined but never used           no-unused-vars
  1:157876  warning  'r' is defined but never used           no-unused-vars
  1:157878  warning  'i' is defined but never used           no-unused-vars
  1:161486  warning  't' is defined but never used           no-unused-vars
  1:164883  warning  't' is defined but never used           no-unused-vars
  1:168340  warning  't' is defined but never used           no-unused-vars
  1:170541  warning  't' is defined but never used           no-unused-vars
  1:170543  warning  'e' is defined but never used           no-unused-vars
  1:170545  warning  'n' is defined but never used           no-unused-vars
  1:170547  warning  'a' is defined but never used           no-unused-vars
  1:170549  warning  'r' is defined but never used           no-unused-vars
  1:170551  warning  'i' is defined but never used           no-unused-vars
  1:173207  warning  't' is defined but never used           no-unused-vars
  1:176068  warning  't' is defined but never used           no-unused-vars
  1:178785  warning  't' is defined but never used           no-unused-vars
  1:181359  warning  't' is defined but never used           no-unused-vars
  1:184358  warning  't' is defined but never used           no-unused-vars
  1:187408  warning  't' is defined but never used           no-unused-vars
  1:190674  warning  't' is defined but never used           no-unused-vars
  1:192946  warning  't' is defined but never used           no-unused-vars
  1:192948  warning  'e' is defined but never used           no-unused-vars
  1:192950  warning  'n' is defined but never used           no-unused-vars
  1:192952  warning  'a' is defined but never used           no-unused-vars
  1:192954  warning  'r' is defined but never used           no-unused-vars
  1:192956  warning  'i' is defined but never used           no-unused-vars
  1:194392  warning  't' is defined but never used           no-unused-vars
  1:194394  warning  'e' is defined but never used           no-unused-vars
  1:194396  warning  'n' is defined but never used           no-unused-vars
  1:194398  warning  'a' is defined but never used           no-unused-vars
  1:194400  warning  'r' is defined but never used           no-unused-vars
  1:194402  warning  'i' is defined but never used           no-unused-vars
  1:197607  warning  't' is defined but never used           no-unused-vars
  1:200626  warning  't' is defined but never used           no-unused-vars
  1:203846  warning  't' is defined but never used           no-unused-vars
  1:206019  warning  'i' is defined but never used           no-unused-vars
  1:209071  warning  'a' is assigned a value but never used  no-unused-vars

/home/runner/work/exp-structural-behavioral-patterns-au/exp-structural-behavioral-patterns-au/experiment/simulation/js/chunk-vendors.9f2932ee.js
  1:1813   warning  Empty block statement                                                            no-empty
  1:3883   warning  Do not access Object.prototype method 'hasOwnProperty' from target object        no-prototype-builtins
  1:5407   warning  Do not access Object.prototype method 'propertyIsEnumerable' from target object  no-prototype-builtins
  1:6037   warning  'b.get' is assigned to itself                                                    no-self-assign
  1:6049   warning  'b.has' is assigned to itself                                                    no-self-assign
  1:6061   warning  'b.set' is assigned to itself                                                    no-self-assign
  1:8223   warning  Empty block statement                                                            no-empty
  1:9006   warning  Empty block statement                                                            no-empty
  1:9311   warning  Empty block statement                                                            no-empty
  1:13496  warning  'e' is defined but never used                                                    no-unused-vars
  1:13915  warning  'e' is defined but never used                                                    no-unused-vars
  1:16511  warning  't' is defined but never used                                                    no-unused-vars
  1:16611  warning  'i' is defined but never used                                                    no-unused-vars
  1:16613  warning  's' is defined but never used                                                    no-unused-vars
  1:17300  warning  't' is defined but never used                                                    no-unused-vars
  1:19047  warning  'e' is defined but never used                                                    no-unused-vars
  1:19049  warning  't' is defined but never used                                                    no-unused-vars
  1:19077  warning  'e' is defined but never used                                                    no-unused-vars
  1:19079  warning  't' is defined but never used                                                    no-unused-vars
  1:20718  warning  't' is defined but never used                                                    no-unused-vars
  1:22810  warning  't' is defined but never used                                                    no-unused-vars
  1:25457  warning  'r' is assigned a value but never used                                           no-unused-vars
  1:26140  warning  'e' is defined but never used                                                    no-unused-vars
  1:27818  warning  'n' is defined but never used                                                    no-unused-vars
  1:30010  warning  'u' is assigned a value but never used                                           no-unused-vars
  1:30022  warning  'a' is assigned a value but never used                                           no-unused-vars
  1:32332  warning  'e' is assigned a value but never used                                           no-unused-vars
  1:38302  warning  'n' is assigned a value but never used                                           no-unused-vars
  1:40463  warning  'b' is assigned a value but never used                                           no-unused-vars
  1:40491  warning  'x' is assigned a value but never used                                           no-unused-vars
  1:40639  warning  'F' is assigned a value but never used                                           no-unused-vars
  1:41096  warning  Setter cannot return a value                                                     no-setter-return
  1:41536  warning  Setter cannot return a value                                                     no-setter-return
  1:41696  warning  'n' is assigned a value but never used                                           no-unused-vars
  1:41936  warning  Setter cannot return a value                                                     no-setter-return
  1:46331  warning  'n' is defined but never used                                                    no-unused-vars
  1:63827  warning  'n' is defined but never used                                                    no-unused-vars
  1:65953  warning  Unexpected constant condition                                                    no-constant-condition
  1:67178  warning  'i' is defined but never used                                                    no-unused-vars
  1:68213  warning  Expected a conditional expression and instead saw an assignment                  no-cond-assign
  1:76800  warning  Do not access Object.prototype method 'hasOwnProperty' from target object        no-prototype-builtins
  1:76822  warning  Do not access Object.prototype method 'hasOwnProperty' from target object        no-prototype-builtins
  7:1707   warning  Unnecessary escape character: \/                                                 no-useless-escape
  7:2935   warning  't' is defined but never used                                                    no-unused-vars
  7:10572  warning  Empty block statement                                                            no-empty
  7:14902  warning  'i' is defined but never used                                                    no-unused-vars
  7:20477  warning  'e' is defined but never used                                                    no-unused-vars

✖ 202 problems (0 errors, 202 warnings)

